Determining if the pthread_create exist failed with the following output:
Change Dir: /home/oskar/dzialajacyprojektxd/tanksgame/CMakeFiles/CMakeTmp

Run Build Command:"/usr/bin/make" "cmTC_da9bc/fast"
/usr/bin/make -f CMakeFiles/cmTC_da9bc.dir/build.make CMakeFiles/cmTC_da9bc.dir/build
make[1]: Wejście do katalogu '/home/oskar/dzialajacyprojektxd/tanksgame/CMakeFiles/CMakeTmp'
Building C object CMakeFiles/cmTC_da9bc.dir/CheckSymbolExists.c.o
/usr/bin/cc    -o CMakeFiles/cmTC_da9bc.dir/CheckSymbolExists.c.o   -c /home/oskar/dzialajacyprojektxd/tanksgame/CMakeFiles/CMakeTmp/CheckSymbolExists.c
Linking C executable cmTC_da9bc
/usr/bin/cmake -E cmake_link_script CMakeFiles/cmTC_da9bc.dir/link.txt --verbose=1
/usr/bin/cc      CMakeFiles/cmTC_da9bc.dir/CheckSymbolExists.c.o  -o cmTC_da9bc 
CMakeFiles/cmTC_da9bc.dir/CheckSymbolExists.c.o: In function `main':
CheckSymbolExists.c:(.text+0x1b): undefined reference to `pthread_create'
collect2: error: ld returned 1 exit status
CMakeFiles/cmTC_da9bc.dir/build.make:97: recipe for target 'cmTC_da9bc' failed
make[1]: *** [cmTC_da9bc] Error 1
make[1]: Opuszczenie katalogu '/home/oskar/dzialajacyprojektxd/tanksgame/CMakeFiles/CMakeTmp'
Makefile:126: recipe for target 'cmTC_da9bc/fast' failed
make: *** [cmTC_da9bc/fast] Error 2

File /home/oskar/dzialajacyprojektxd/tanksgame/CMakeFiles/CMakeTmp/CheckSymbolExists.c:
/* */
#include <pthread.h>

int main(int argc, char** argv)
{
  (void)argv;
#ifndef pthread_create
  return ((int*)(&pthread_create))[argc];
#else
  (void)argc;
  return 0;
#endif
}

Determining if the function pthread_create exists in the pthreads failed with the following output:
Change Dir: /home/oskar/dzialajacyprojektxd/tanksgame/CMakeFiles/CMakeTmp

Run Build Command:"/usr/bin/make" "cmTC_26551/fast"
/usr/bin/make -f CMakeFiles/cmTC_26551.dir/build.make CMakeFiles/cmTC_26551.dir/build
make[1]: Wejście do katalogu '/home/oskar/dzialajacyprojektxd/tanksgame/CMakeFiles/CMakeTmp'
Building C object CMakeFiles/cmTC_26551.dir/CheckFunctionExists.c.o
/usr/bin/cc   -DCHECK_FUNCTION_EXISTS=pthread_create   -o CMakeFiles/cmTC_26551.dir/CheckFunctionExists.c.o   -c /usr/share/cmake-3.10/Modules/CheckFunctionExists.c
Linking C executable cmTC_26551
/usr/bin/cmake -E cmake_link_script CMakeFiles/cmTC_26551.dir/link.txt --verbose=1
/usr/bin/cc  -DCHECK_FUNCTION_EXISTS=pthread_create    CMakeFiles/cmTC_26551.dir/CheckFunctionExists.c.o  -o cmTC_26551 -lpthreads 
/usr/bin/ld: cannot find -lpthreads
collect2: error: ld returned 1 exit status
CMakeFiles/cmTC_26551.dir/build.make:97: recipe for target 'cmTC_26551' failed
make[1]: *** [cmTC_26551] Error 1
make[1]: Opuszczenie katalogu '/home/oskar/dzialajacyprojektxd/tanksgame/CMakeFiles/CMakeTmp'
Makefile:126: recipe for target 'cmTC_26551/fast' failed
make: *** [cmTC_26551/fast] Error 2


Determining if the pthread_create exist failed with the following output:
Change Dir: /home/oskar/dzialajacyprojektxd/tanksgame/CMakeFiles/CMakeTmp

Run Build Command:"/usr/bin/make" "cmTC_9d3b6/fast"
/usr/bin/make -f CMakeFiles/cmTC_9d3b6.dir/build.make CMakeFiles/cmTC_9d3b6.dir/build
make[1]: Wejście do katalogu '/home/oskar/dzialajacyprojektxd/tanksgame/CMakeFiles/CMakeTmp'
Building C object CMakeFiles/cmTC_9d3b6.dir/CheckSymbolExists.c.o
/usr/bin/cc    -o CMakeFiles/cmTC_9d3b6.dir/CheckSymbolExists.c.o   -c /home/oskar/dzialajacyprojektxd/tanksgame/CMakeFiles/CMakeTmp/CheckSymbolExists.c
Linking C executable cmTC_9d3b6
/usr/bin/cmake -E cmake_link_script CMakeFiles/cmTC_9d3b6.dir/link.txt --verbose=1
/usr/bin/cc      CMakeFiles/cmTC_9d3b6.dir/CheckSymbolExists.c.o  -o cmTC_9d3b6 
CMakeFiles/cmTC_9d3b6.dir/CheckSymbolExists.c.o: In function `main':
CheckSymbolExists.c:(.text+0x1b): undefined reference to `pthread_create'
collect2: error: ld returned 1 exit status
CMakeFiles/cmTC_9d3b6.dir/build.make:97: recipe for target 'cmTC_9d3b6' failed
make[1]: *** [cmTC_9d3b6] Error 1
make[1]: Opuszczenie katalogu '/home/oskar/dzialajacyprojektxd/tanksgame/CMakeFiles/CMakeTmp'
Makefile:126: recipe for target 'cmTC_9d3b6/fast' failed
make: *** [cmTC_9d3b6/fast] Error 2

File /home/oskar/dzialajacyprojektxd/tanksgame/CMakeFiles/CMakeTmp/CheckSymbolExists.c:
/* */
#include <pthread.h>

int main(int argc, char** argv)
{
  (void)argv;
#ifndef pthread_create
  return ((int*)(&pthread_create))[argc];
#else
  (void)argc;
  return 0;
#endif
}

Determining if the function pthread_create exists in the pthreads failed with the following output:
Change Dir: /home/oskar/dzialajacyprojektxd/tanksgame/CMakeFiles/CMakeTmp

Run Build Command:"/usr/bin/make" "cmTC_b194f/fast"
/usr/bin/make -f CMakeFiles/cmTC_b194f.dir/build.make CMakeFiles/cmTC_b194f.dir/build
make[1]: Wejście do katalogu '/home/oskar/dzialajacyprojektxd/tanksgame/CMakeFiles/CMakeTmp'
Building C object CMakeFiles/cmTC_b194f.dir/CheckFunctionExists.c.o
/usr/bin/cc   -DCHECK_FUNCTION_EXISTS=pthread_create   -o CMakeFiles/cmTC_b194f.dir/CheckFunctionExists.c.o   -c /usr/share/cmake-3.10/Modules/CheckFunctionExists.c
Linking C executable cmTC_b194f
/usr/bin/cmake -E cmake_link_script CMakeFiles/cmTC_b194f.dir/link.txt --verbose=1
/usr/bin/cc  -DCHECK_FUNCTION_EXISTS=pthread_create    CMakeFiles/cmTC_b194f.dir/CheckFunctionExists.c.o  -o cmTC_b194f -lpthreads 
/usr/bin/ld: cannot find -lpthreads
collect2: error: ld returned 1 exit status
CMakeFiles/cmTC_b194f.dir/build.make:97: recipe for target 'cmTC_b194f' failed
make[1]: *** [cmTC_b194f] Error 1
make[1]: Opuszczenie katalogu '/home/oskar/dzialajacyprojektxd/tanksgame/CMakeFiles/CMakeTmp'
Makefile:126: recipe for target 'cmTC_b194f/fast' failed
make: *** [cmTC_b194f/fast] Error 2


